<?xml version="1.0" encoding="UTF-8"?>
<!-- Generated by org.testng.reporters.JUnitReportReporter -->
<testsuite hostname="Y9-TOM-7TH" failures="0" tests="1" name="testCases.HomePageLinksTC" time="20.971" errors="0" timestamp="05 Aug 2019 18:57:57 GMT" skipped="0">
  <testcase classname="testCases.HomePageLinksTC" name="displaylink" time="20.971"/>
</testsuite> <!-- testCases.HomePageLinksTC -->
