<?xml version="1.0" encoding="UTF-8"?>
<!-- Generated by org.testng.reporters.JUnitReportReporter -->
<testsuite hostname="Y9-TOM-7TH" failures="0" tests="1" name="testCases.HomePageLinksTC" time="3.221" errors="0" timestamp="09 Sep 2019 12:52:50 GMT" skipped="0">
  <testcase classname="testCases.HomePageLinksTC" name="displaylink" time="3.221"/>
</testsuite> <!-- testCases.HomePageLinksTC -->
