<?xml version="1.0" encoding="UTF-8"?>
<!-- Generated by org.testng.reporters.JUnitReportReporter -->
<testsuite hostname="Y9-TOM-7TH" failures="0" tests="1" name="testCases.BookFlight" time="63.021" errors="0" timestamp="05 Aug 2019 19:07:06 GMT" skipped="0">
  <testcase classname="testCases.BookFlight" name="bookFlight" time="63.021"/>
</testsuite> <!-- testCases.BookFlight -->
