<?xml version="1.0" encoding="UTF-8"?>
<!-- Generated by org.testng.reporters.JUnitReportReporter -->
<testsuite hostname="Y9-TOM-7TH" failures="0" tests="1" name="testCases.VoiceOfCustomerTC" time="30.804" errors="0" timestamp="14 Aug 2019 18:47:39 GMT" skipped="0">
  <testcase classname="testCases.VoiceOfCustomerTC" name="executeVocTc" time="30.804"/>
</testsuite> <!-- testCases.VoiceOfCustomerTC -->
