<?xml version="1.0" encoding="UTF-8"?>
<!-- Generated by org.testng.reporters.JUnitReportReporter -->
<testsuite hostname="Y9-TOM-7TH" failures="0" tests="1" name="testCases.FilteringSearchResultsTC" time="41.125" errors="0" timestamp="10 Sep 2019 11:49:00 GMT" skipped="0">
  <testcase classname="testCases.FilteringSearchResultsTC" name="filterSearch" time="41.125"/>
</testsuite> <!-- testCases.FilteringSearchResultsTC -->
