<?xml version="1.0" encoding="UTF-8"?>
<!-- Generated by org.testng.reporters.JUnitReportReporter -->
<testsuite hostname="Y9-TOM-7TH" failures="0" tests="1" name="testCases.ShowAllFlights" time="6.807" errors="0" timestamp="23 Aug 2019 18:37:05 GMT" skipped="0">
  <testcase classname="testCases.ShowAllFlights" name="showAllFlights" time="6.807"/>
</testsuite> <!-- testCases.ShowAllFlights -->
