<?xml version="1.0" encoding="UTF-8"?>
<!-- Generated by org.testng.reporters.JUnitReportReporter -->
<testsuite hostname="Y9-TOM-7TH" failures="0" tests="1" name="testCases.TestNG_Dataprovider" time="0.000" errors="0" timestamp="17 Jul 2019 14:32:01 GMT" skipped="1">
  <testcase classname="testCases.TestNG_Dataprovider" name="testformfill" time="0.000">
    <skipped/>
  </testcase> <!-- testformfill -->
</testsuite> <!-- testCases.TestNG_Dataprovider -->
