<?xml version="1.0" encoding="UTF-8"?>
<!-- Generated by org.testng.reporters.JUnitReportReporter -->
<testsuite hostname="Y9-TOM-7TH" failures="0" tests="1" name="testCases.BillingDetail" time="66.499" errors="0" timestamp="14 Aug 2019 18:37:57 GMT" skipped="0">
  <testcase classname="testCases.BillingDetail" name="getCountryList" time="66.499"/>
</testsuite> <!-- testCases.BillingDetail -->
