<?xml version="1.0" encoding="UTF-8"?>
<!-- Generated by org.testng.reporters.JUnitReportReporter -->
<testsuite hostname="Y9-TOM-7TH" failures="0" tests="1" name="testCases.BillingDetail" time="39.097" errors="0" timestamp="05 Aug 2019 19:07:06 GMT" skipped="0">
  <testcase classname="testCases.BillingDetail" name="getCountryList" time="39.097"/>
</testsuite> <!-- testCases.BillingDetail -->
