<?xml version="1.0" encoding="UTF-8"?>
<!-- Generated by org.testng.reporters.JUnitReportReporter -->
<testsuite hostname="Y9-TOM-7TH" failures="0" tests="1" name="testCases.BookFlight" time="40.770" errors="0" timestamp="14 Aug 2019 18:39:13 GMT" skipped="0">
  <testcase classname="testCases.BookFlight" name="bookFlight" time="40.770"/>
</testsuite> <!-- testCases.BookFlight -->
