<?xml version="1.0" encoding="UTF-8"?>
<!-- Generated by org.testng.reporters.JUnitReportReporter -->
<testsuite hostname="Y9-TOM-7TH" failures="0" tests="1" name="testCases.ModifySearchTC" time="25.165" errors="0" timestamp="07 Aug 2019 19:25:04 GMT" skipped="0">
  <testcase classname="testCases.ModifySearchTC" name="getButtonDetails" time="25.165"/>
</testsuite> <!-- testCases.ModifySearchTC -->
