<?xml version="1.0" encoding="UTF-8"?>
<!-- Generated by org.testng.reporters.JUnitReportReporter -->
<testsuite hostname="Y9-TOM-7TH" failures="0" tests="1" name="testCases.VoiceOfCustomerTC" time="3.819" errors="0" timestamp="06 Sep 2019 16:11:29 GMT" skipped="0">
  <testcase classname="testCases.VoiceOfCustomerTC" name="executeVocTc" time="3.819"/>
</testsuite> <!-- testCases.VoiceOfCustomerTC -->
