<?xml version="1.0" encoding="UTF-8"?>
<!-- Generated by org.testng.reporters.JUnitReportReporter -->
<testsuite hostname="Y9-TOM-7TH" failures="0" tests="1" name="testCases.BookFlight" time="59.985" errors="0" timestamp="24 Jul 2019 12:44:20 GMT" skipped="0">
  <testcase classname="testCases.BookFlight" name="bookFlight" time="59.985"/>
</testsuite> <!-- testCases.BookFlight -->
