<?xml version="1.0" encoding="UTF-8"?>
<!-- Generated by org.testng.reporters.JUnitReportReporter -->
<testsuite hostname="Y9-TOM-7TH" failures="0" tests="1" name="testCases.ClickOnAllDomesticDestinations" time="79.582" errors="0" timestamp="10 Sep 2019 12:14:30 GMT" skipped="0">
  <testcase classname="testCases.ClickOnAllDomesticDestinations" name="ClickOnAllFlights" time="79.582"/>
</testsuite> <!-- testCases.ClickOnAllDomesticDestinations -->
