<?xml version="1.0" encoding="UTF-8"?>
<!-- Generated by org.testng.reporters.JUnitReportReporter -->
<testsuite hostname="Y9-TOM-7TH" failures="0" tests="1" name="testCases.SeachingFlightsFromModifySearchPageTc" time="30.378" errors="0" timestamp="14 Aug 2019 18:43:44 GMT" skipped="0">
  <testcase classname="testCases.SeachingFlightsFromModifySearchPageTc" name="searchFlight" time="30.378"/>
</testsuite> <!-- testCases.SeachingFlightsFromModifySearchPageTc -->
