<?xml version="1.0" encoding="UTF-8"?>
<!-- Generated by org.testng.reporters.JUnitReportReporter -->
<testsuite hostname="Y9-TOM-7TH" failures="0" tests="1" name="testCases.ButtonsInModifySearchPageTC" time="36.263" errors="0" timestamp="12 Aug 2019 12:40:32 GMT" skipped="0">
  <testcase classname="testCases.ButtonsInModifySearchPageTC" name="getButtonDetails" time="36.263"/>
</testsuite> <!-- testCases.ButtonsInModifySearchPageTC -->
