<?xml version="1.0" encoding="UTF-8"?>
<!-- Generated by org.testng.reporters.JUnitReportReporter -->
<testsuite hostname="Y9-TOM-7TH" failures="0" tests="1" name="testCases.ClickOnAllDomesticDestinations" time="71.267" errors="0" timestamp="29 Aug 2019 19:33:34 GMT" skipped="0">
  <testcase classname="testCases.ClickOnAllDomesticDestinations" name="ClickOnAllFlights" time="71.267"/>
</testsuite> <!-- testCases.ClickOnAllDomesticDestinations -->
