<?xml version="1.0" encoding="UTF-8"?>
<!-- Generated by org.testng.reporters.JUnitReportReporter -->
<testsuite hostname="Y9-TOM-7TH" failures="0" tests="1" name="testCases.ToDisplayDomesticDestinationFlightList" time="8.578" errors="0" timestamp="10 Sep 2019 14:16:22 GMT" skipped="0">
  <testcase classname="testCases.ToDisplayDomesticDestinationFlightList" name="displayPopularDomesticDestinationFlightList" time="8.578"/>
</testsuite> <!-- testCases.ToDisplayDomesticDestinationFlightList -->
