<?xml version="1.0" encoding="UTF-8"?>
<!-- Generated by org.testng.reporters.JUnitReportReporter -->
<testsuite hostname="Y9-TOM-7TH" failures="0" tests="1" name="testCases.ShowAllFlights" time="7.556" errors="0" timestamp="09 Sep 2019 12:52:50 GMT" skipped="0">
  <testcase classname="testCases.ShowAllFlights" name="showAllFlights" time="7.556"/>
</testsuite> <!-- testCases.ShowAllFlights -->
