<?xml version="1.0" encoding="UTF-8"?>
<!-- Generated by org.testng.reporters.JUnitReportReporter -->
<testsuite hostname="Y9-TOM-7TH" failures="0" tests="1" name="testCases.FilteringSearchResultsTC" time="34.686" errors="0" timestamp="12 Aug 2019 16:40:57 GMT" skipped="0">
  <testcase classname="testCases.FilteringSearchResultsTC" name="filterSearch" time="34.686"/>
</testsuite> <!-- testCases.FilteringSearchResultsTC -->
