<?xml version="1.0" encoding="UTF-8"?>
<!-- Generated by org.testng.reporters.JUnitReportReporter -->
<testsuite hostname="Y9-TOM-7TH" failures="0" tests="1" name="testCases.BookFlight" time="39.720" errors="0" timestamp="23 Aug 2019 18:37:05 GMT" skipped="0">
  <testcase classname="testCases.BookFlight" name="bookFlight" time="39.720"/>
</testsuite> <!-- testCases.BookFlight -->
