<?xml version="1.0" encoding="UTF-8"?>
<!-- Generated by org.testng.reporters.JUnitReportReporter -->
<testsuite hostname="Y9-TOM-7TH" failures="0" tests="1" name="testCases.ButtonsInModifySearchPageTC" time="2.452" errors="0" timestamp="21 Aug 2019 16:49:47 GMT" skipped="0">
  <testcase classname="testCases.ButtonsInModifySearchPageTC" name="getButtonDetails" time="2.452"/>
</testsuite> <!-- testCases.ButtonsInModifySearchPageTC -->
