<?xml version="1.0" encoding="UTF-8"?>
<!-- Generated by org.testng.reporters.JUnitReportReporter -->
<testsuite hostname="Y9-TOM-7TH" failures="0" tests="1" name="testCases.ShowAllFlights" time="25.333" errors="0" timestamp="14 Aug 2019 18:46:33 GMT" skipped="0">
  <testcase classname="testCases.ShowAllFlights" name="showAllFlights" time="25.333"/>
</testsuite> <!-- testCases.ShowAllFlights -->
