<?xml version="1.0" encoding="UTF-8"?>
<!-- Generated by org.testng.reporters.JUnitReportReporter -->
<testsuite hostname="Y9-TOM-7TH" failures="0" tests="1" name="testCases.SeachingFlightsFromModifySearchPageTc" time="17.993" errors="0" timestamp="06 Sep 2019 16:11:29 GMT" skipped="0">
  <testcase classname="testCases.SeachingFlightsFromModifySearchPageTc" name="searchFlight" time="17.993"/>
</testsuite> <!-- testCases.SeachingFlightsFromModifySearchPageTc -->
