<?xml version="1.0" encoding="UTF-8"?>
<!-- Generated by org.testng.reporters.JUnitReportReporter -->
<testsuite hostname="Y9-TOM-7TH" failures="0" tests="1" name="testCases.HomePageLinksTC" time="20.242" errors="0" timestamp="14 Aug 2019 18:42:50 GMT" skipped="0">
  <testcase classname="testCases.HomePageLinksTC" name="displaylink" time="20.242"/>
</testsuite> <!-- testCases.HomePageLinksTC -->
