<?xml version="1.0" encoding="UTF-8"?>
<!-- Generated by org.testng.reporters.JUnitReportReporter -->
<testsuite hostname="Y9-TOM-7TH" failures="0" tests="1" name="testCases.SeachingFlightsFromModifySearchPageTc" time="36.035" errors="0" timestamp="12 Aug 2019 14:00:30 GMT" skipped="0">
  <testcase classname="testCases.SeachingFlightsFromModifySearchPageTc" name="searchFlight" time="36.035"/>
</testsuite> <!-- testCases.SeachingFlightsFromModifySearchPageTc -->
