<?xml version="1.0" encoding="UTF-8"?>
<!-- Generated by org.testng.reporters.JUnitReportReporter -->
<testsuite hostname="Y9-TOM-7TH" failures="0" tests="1" name="testCases.BillingDetail" time="28.033" errors="0" timestamp="15 Jul 2019 12:21:07 GMT" skipped="0">
  <testcase classname="testCases.BillingDetail" name="getCountryList" time="28.033"/>
</testsuite> <!-- testCases.BillingDetail -->
