<?xml version="1.0" encoding="UTF-8"?>
<!-- Generated by org.testng.reporters.JUnitReportReporter -->
<testsuite hostname="Y9-TOM-7TH" failures="0" tests="1" name="testCases.BillingDetail" time="74.412" errors="0" timestamp="22 Jul 2019 20:12:27 GMT" skipped="0">
  <testcase classname="testCases.BillingDetail" name="getCountryList" time="74.412"/>
</testsuite> <!-- testCases.BillingDetail -->
