<?xml version="1.0" encoding="UTF-8"?>
<!-- Generated by org.testng.reporters.JUnitReportReporter -->
<testsuite hostname="Y9-TOM-7TH" failures="0" tests="1" name="testCases.BookFlight" time="28.658" errors="0" timestamp="12 Sep 2019 14:17:02 GMT" skipped="0">
  <testcase classname="testCases.BookFlight" name="bookFlight" time="28.658"/>
</testsuite> <!-- testCases.BookFlight -->
