<?xml version="1.0" encoding="UTF-8"?>
<!-- Generated by org.testng.reporters.JUnitReportReporter -->
<testsuite hostname="Y9-TOM-7TH" failures="0" tests="1" name="testCases.CountRadioButtonsInModifySearchSection" time="8.155" errors="0" timestamp="13 Sep 2019 11:51:39 GMT" skipped="0">
  <testcase classname="testCases.CountRadioButtonsInModifySearchSection" name="getButtonDetails" time="8.155"/>
</testsuite> <!-- testCases.CountRadioButtonsInModifySearchSection -->
