<?xml version="1.0" encoding="UTF-8"?>
<!-- Generated by org.testng.reporters.JUnitReportReporter -->
<testsuite hostname="Y9-TOM-7TH" failures="0" tests="1" name="testCases.ButtonsInModifySearchPageTC" time="63.067" errors="0" timestamp="07 Aug 2019 13:23:53 GMT" skipped="0">
  <testcase classname="testCases.ButtonsInModifySearchPageTC" name="navigateTolistPage" time="63.067"/>
</testsuite> <!-- testCases.ModifySearch -->
