<?xml version="1.0" encoding="UTF-8"?>
<!-- Generated by org.testng.reporters.JUnitReportReporter -->
<testsuite hostname="Y9-TOM-7TH" failures="0" tests="1" name="testCases.Rough" time="0.014" errors="0" timestamp="26 Aug 2019 13:46:07 GMT" skipped="0">
  <testcase classname="testCases.Rough" name="test" time="0.014"/>
</testsuite> <!-- testCases.Rough -->
