<?xml version="1.0" encoding="UTF-8"?>
<!-- Generated by org.testng.reporters.JUnitReportReporter -->
<testsuite hostname="Y9-TOM-7TH" failures="0" tests="1" name="dataProvider.BillingDetailsDataProvider" time="0.000" errors="0" timestamp="22 Jul 2019 14:58:20 GMT" skipped="0">
  <testcase classname="dataProvider.BillingDetailsDataProvider" name="Login" time="0.000"/>
</testsuite> <!-- dataProvider.BillingDetailsDataProvider -->
