<?xml version="1.0" encoding="UTF-8"?>
<!-- Generated by org.testng.reporters.JUnitReportReporter -->
<testsuite hostname="Y9-TOM-7TH" failures="0" tests="1" name="testCases.BillingDetail" time="32.224" errors="0" timestamp="10 Sep 2019 15:41:22 GMT" skipped="0">
  <testcase classname="testCases.BillingDetail" name="getCountryList" time="32.224"/>
</testsuite> <!-- testCases.BillingDetail -->
