<?xml version="1.0" encoding="UTF-8"?>
<!-- Generated by org.testng.reporters.JUnitReportReporter -->
<testsuite hostname="Y9-TOM-7TH" failures="0" tests="1" name="testCases.BookFlight" time="60.504" errors="0" timestamp="15 Jul 2019 12:26:49 GMT" skipped="0">
  <testcase classname="testCases.BookFlight" name="bookFlight" time="60.504"/>
</testsuite> <!-- testCases.BookFlight -->
