<?xml version="1.0" encoding="UTF-8"?>
<!-- Generated by org.testng.reporters.JUnitReportReporter -->
<testsuite hostname="Y9-TOM-7TH" failures="0" tests="1" name="testCases.ButtonsInModifySearchPageTC" time="12.293" errors="0" timestamp="26 Aug 2019 16:09:05 GMT" skipped="0">
  <testcase classname="testCases.ButtonsInModifySearchPageTC" name="getButtonDetails" time="12.293"/>
</testsuite> <!-- testCases.ButtonsInModifySearchPageTC -->
