<?xml version="1.0" encoding="UTF-8"?>
<!-- Generated by org.testng.reporters.JUnitReportReporter -->
<testsuite hostname="Y9-TOM-7TH" failures="0" tests="1" name="testCases.HomePageLinksTC" time="5.028" errors="0" timestamp="21 Aug 2019 14:50:23 GMT" skipped="0">
  <testcase classname="testCases.HomePageLinksTC" name="displaylink" time="5.028"/>
</testsuite> <!-- testCases.HomePageLinksTC -->
